#
# +---------------------------------------------------+
# |                                                   |
# |     Equation of state of hot, dense HELIUM        |
# |                                                   |
# | Free energy interpolation code                    |
# | written by B. Militzer         Berkeley, 02-01-08 |
# |                                                   |
# +---------------------------------------------------+
#
rs= 2.400000  rhoHe(g/cc)=  0.387289  T(K)=       500.000  E(Ha/e)=  -1.431865  P(GPa)=       1.406642  [F](Ha/e)=    -1.437469  [S](Ha/kb/e)=   3.539252
rs= 2.400000  rhoHe(g/cc)=  0.387289  T(K)=       641.409  E(Ha/e)=  -1.431474  P(GPa)=       1.594792  [F](Ha/e)=    -1.439103  [S](Ha/kb/e)=   3.755843
rs= 2.400000  rhoHe(g/cc)=  0.387289  T(K)=       822.810  E(Ha/e)=  -1.430913  P(GPa)=       1.835963  [F](Ha/e)=    -1.441332  [S](Ha/kb/e)=   3.998785
rs= 2.400000  rhoHe(g/cc)=  0.387289  T(K)=      1055.515  E(Ha/e)=  -1.430161  P(GPa)=       2.144651  [F](Ha/e)=    -1.444377  [S](Ha/kb/e)=   4.252997
rs= 2.400000  rhoHe(g/cc)=  0.387289  T(K)=      1354.033  E(Ha/e)=  -1.429286  P(GPa)=       2.538711  [F](Ha/e)=    -1.448515  [S](Ha/kb/e)=   4.484582
rs= 2.400000  rhoHe(g/cc)=  0.387289  T(K)=      1736.977  E(Ha/e)=  -1.428272  P(GPa)=       3.039639  [F](Ha/e)=    -1.454082  [S](Ha/kb/e)=   4.692263
rs= 2.400000  rhoHe(g/cc)=  0.387289  T(K)=      2228.224  E(Ha/e)=  -1.426816  P(GPa)=       3.673751  [F](Ha/e)=    -1.461568  [S](Ha/kb/e)=   4.924853
rs= 2.400000  rhoHe(g/cc)=  0.387289  T(K)=      2858.404  E(Ha/e)=  -1.424866  P(GPa)=       4.472137  [F](Ha/e)=    -1.471649  [S](Ha/kb/e)=   5.168279
rs= 2.400000  rhoHe(g/cc)=  0.387289  T(K)=      3666.810  E(Ha/e)=  -1.422595  P(GPa)=       5.469209  [F](Ha/e)=    -1.485186  [S](Ha/kb/e)=   5.390129
rs= 2.400000  rhoHe(g/cc)=  0.387289  T(K)=      4703.847  E(Ha/e)=  -1.420073  P(GPa)=       6.700328  [F](Ha/e)=    -1.503209  [S](Ha/kb/e)=   5.581001
rs= 2.400000  rhoHe(g/cc)=  0.387289  T(K)=      6034.176  E(Ha/e)=  -1.416445  P(GPa)=       8.208268  [F](Ha/e)=    -1.527183  [S](Ha/kb/e)=   5.795045
rs= 2.400000  rhoHe(g/cc)=  0.387289  T(K)=      7740.746  E(Ha/e)=  -1.411524  P(GPa)=      10.049359  [F](Ha/e)=    -1.559139  [S](Ha/kb/e)=   6.021779
rs= 2.400000  rhoHe(g/cc)=  0.387289  T(K)=      9929.962  E(Ha/e)=  -1.405640  P(GPa)=      12.308508  [F](Ha/e)=    -1.601673  [S](Ha/kb/e)=   6.233902
rs= 2.400000  rhoHe(g/cc)=  0.387289  T(K)=     12738.327  E(Ha/e)=  -1.398969  P(GPa)=      15.134032  [F](Ha/e)=    -1.657960  [S](Ha/kb/e)=   6.420227
rs= 2.400000  rhoHe(g/cc)=  0.387289  T(K)=     16340.946  E(Ha/e)=  -1.388620  P(GPa)=      18.710575  [F](Ha/e)=    -1.732502  [S](Ha/kb/e)=   6.645212
rs= 2.400000  rhoHe(g/cc)=  0.387289  T(K)=     20962.448  E(Ha/e)=  -1.372597  P(GPa)=      23.277779  [F](Ha/e)=    -1.831769  [S](Ha/kb/e)=   6.916884
rs= 2.400000  rhoHe(g/cc)=  0.387289  T(K)=     26890.990  E(Ha/e)=  -1.348351  P(GPa)=      29.224556  [F](Ha/e)=    -1.964689  [S](Ha/kb/e)=   7.237510
rs= 2.400000  rhoHe(g/cc)=  0.387289  T(K)=     34496.227  E(Ha/e)=  -1.312233  P(GPa)=      37.233141  [F](Ha/e)=    -2.143544  [S](Ha/kb/e)=   7.609728
rs= 2.400000  rhoHe(g/cc)=  0.387289  T(K)=     44252.355  E(Ha/e)=  -1.257642  P(GPa)=      48.283302  [F](Ha/e)=    -2.385538  [S](Ha/kb/e)=   8.048411
rs= 2.400000  rhoHe(g/cc)=  0.387289  T(K)=     56767.686  E(Ha/e)=  -1.177736  P(GPa)=      63.759322  [F](Ha/e)=    -2.714684  [S](Ha/kb/e)=   8.549388
rs= 2.400000  rhoHe(g/cc)=  0.387289  T(K)=     72822.568  E(Ha/e)=  -1.067208  P(GPa)=      85.794936  [F](Ha/e)=    -3.163596  [S](Ha/kb/e)=   9.090399
rs= 2.400000  rhoHe(g/cc)=  0.387289  T(K)=     93418.048  E(Ha/e)=  -0.921195  P(GPa)=     117.713836  [F](Ha/e)=    -3.775112  [S](Ha/kb/e)=   9.646902
rs= 2.400000  rhoHe(g/cc)=  0.387289  T(K)=    119838.286  E(Ha/e)=  -0.707976  P(GPa)=     164.191298  [F](Ha/e)=    -4.609280  [S](Ha/kb/e)=  10.279961
rs= 2.400000  rhoHe(g/cc)=  0.387289  T(K)=    153730.623  E(Ha/e)=  -0.407187  P(GPa)=     231.274718  [F](Ha/e)=    -5.751201  [S](Ha/kb/e)=  10.977020
rs= 2.400000  rhoHe(g/cc)=  0.387289  T(K)=    197208.299  E(Ha/e)=  -0.017936  P(GPa)=     326.124043  [F](Ha/e)=    -7.313548  [S](Ha/kb/e)=  11.681909
rs= 2.400000  rhoHe(g/cc)=  0.387289  T(K)=    252982.213  E(Ha/e)=   0.436312  P(GPa)=     455.222725  [F](Ha/e)=    -9.436006  [S](Ha/kb/e)=  12.322716
rs= 2.400000  rhoHe(g/cc)=  0.387289  T(K)=    324529.953  E(Ha/e)=   1.072985  P(GPa)=     626.663677  [F](Ha/e)=   -12.309110  [S](Ha/kb/e)=  13.021067
rs= 2.400000  rhoHe(g/cc)=  0.387289  T(K)=    416312.629  E(Ha/e)=   1.944650  P(GPa)=     853.603914  [F](Ha/e)=   -16.206356  [S](Ha/kb/e)=  13.767605
rs= 2.400000  rhoHe(g/cc)=  0.387289  T(K)=    534053.032  E(Ha/e)=   3.007416  P(GPa)=    1151.354742  [F](Ha/e)=   -21.481083  [S](Ha/kb/e)=  14.479550
rs= 2.400000  rhoHe(g/cc)=  0.387289  T(K)=    685092.454  E(Ha/e)=   4.078924  P(GPa)=    1534.178619  [F](Ha/e)=   -28.550794  [S](Ha/kb/e)=  15.039778
rs= 2.400000  rhoHe(g/cc)=  0.387289  T(K)=    878848.435  E(Ha/e)=   5.519476  P(GPa)=    2018.179776  [F](Ha/e)=   -37.962089  [S](Ha/kb/e)=  15.623145
rs= 2.400000  rhoHe(g/cc)=  0.387289  T(K)=   1127401.953  E(Ha/e)=   7.517625  P(GPa)=    2629.281461  [F](Ha/e)=   -50.516642  [S](Ha/kb/e)=  16.254851
rs= 2.400000  rhoHe(g/cc)=  0.387289  T(K)=   1446250.700  E(Ha/e)=  10.019564  P(GPa)=    3402.509822  [F](Ha/e)=   -67.260101  [S](Ha/kb/e)=  16.873257
rs= 2.400000  rhoHe(g/cc)=  0.387289  T(K)=   1855275.380  E(Ha/e)=  12.640630  P(GPa)=    4387.988149  [F](Ha/e)=   -89.468935  [S](Ha/kb/e)=  17.379422
rs= 2.400000  rhoHe(g/cc)=  0.387289  T(K)=   2379979.305  E(Ha/e)=  16.161171  P(GPa)=    5652.905397  [F](Ha/e)=  -118.793263  [S](Ha/kb/e)=  17.905698
rs= 2.400000  rhoHe(g/cc)=  0.387289  T(K)=   3053078.564  E(Ha/e)=  21.155705  P(GPa)=    7277.176699  [F](Ha/e)=  -157.600210  [S](Ha/kb/e)=  18.488417
rs= 2.400000  rhoHe(g/cc)=  0.387289  T(K)=   3916541.921  E(Ha/e)=  27.688229  P(GPa)=    9362.062258  [F](Ha/e)=  -209.008546  [S](Ha/kb/e)=  19.083887
rs= 2.400000  rhoHe(g/cc)=  0.387289  T(K)=   5024207.629  E(Ha/e)=  35.102496  P(GPa)=   12035.680632  [F](Ha/e)=  -276.939490  [S](Ha/kb/e)=  19.612038
rs= 2.400000  rhoHe(g/cc)=  0.387289  T(K)=   6445140.334  E(Ha/e)=  45.077355  P(GPa)=   15460.617955  [F](Ha/e)=  -366.455343  [S](Ha/kb/e)=  20.162726
rs= 2.400000  rhoHe(g/cc)=  0.387289  T(K)=   8267937.353  E(Ha/e)=  59.115971  P(GPa)=   19845.993639  [F](Ha/e)=  -484.644796  [S](Ha/kb/e)=  20.767679
rs= 2.400000  rhoHe(g/cc)=  0.387289  T(K)=  10606252.855  E(Ha/e)=  77.201943  P(GPa)=   25458.495493  [F](Ha/e)=  -640.800562  [S](Ha/kb/e)=  21.376729
rs= 2.400000  rhoHe(g/cc)=  0.387289  T(K)=  13605884.374  E(Ha/e)=  96.791079  P(GPa)=   32637.468269  [F](Ha/e)=  -846.522590  [S](Ha/kb/e)=  21.893068
rs= 2.400000  rhoHe(g/cc)=  0.387289  T(K)=  17453863.500  E(Ha/e)= 122.112387  P(GPa)=   41820.696070  [F](Ha/e)= -1116.512583  [S](Ha/kb/e)=  22.409158
rs= 2.400000  rhoHe(g/cc)=  0.387289  T(K)=  22390117.593  E(Ha/e)= 158.286442  P(GPa)=   53594.420965  [F](Ha/e)= -1471.441302  [S](Ha/kb/e)=  22.984548
rs= 2.400000  rhoHe(g/cc)=  0.387289  T(K)=  28722429.612  E(Ha/e)= 206.214666  P(GPa)=   68766.653320  [F](Ha/e)= -1938.595285  [S](Ha/kb/e)=  23.580061
rs= 2.400000  rhoHe(g/cc)=  0.387289  T(K)=  36845628.852  E(Ha/e)= 261.052134  P(GPa)=   88510.625821  [F](Ha/e)= -2552.563843  [S](Ha/kb/e)=  24.113271
rs= 2.400000  rhoHe(g/cc)=  0.387289  T(K)=  47266209.157  E(Ha/e)= 331.657413  P(GPa)=  114421.419625  [F](Ha/e)= -3357.250179  [S](Ha/kb/e)=  24.644742
rs= 2.400000  rhoHe(g/cc)=  0.387289  T(K)=  60633909.574  E(Ha/e)= 431.586057  P(GPa)=  148046.872059  [F](Ha/e)= -4413.339031  [S](Ha/kb/e)=  25.231831
rs= 2.400000  rhoHe(g/cc)=  0.387289  T(K)=  77782226.582  E(Ha/e)= 561.703559  P(GPa)=  190432.294274  [F](Ha/e)= -5800.578480  [S](Ha/kb/e)=  25.829133
rs= 2.400000  rhoHe(g/cc)=  0.387289  T(K)=  99780383.856  E(Ha/e)= 703.811732  P(GPa)=  240645.944598  [F](Ha/e)= -7619.375634  [S](Ha/kb/e)=  26.340364
rs= 2.400000  rhoHe(g/cc)=  0.387289  T(K)= 128000000.000  E(Ha/e)= 876.729722  P(GPa)=  294643.349463  [F](Ha/e)= -9995.136261  [S](Ha/kb/e)=  26.820780

rs= 2.000000  rhoHe(g/cc)=  0.669236  T(K)=       500.000  E(Ha/e)=  -1.430519  P(GPa)=       5.965557  [F](Ha/e)=    -1.435074  [S](Ha/kb/e)=   2.876419
rs= 2.000000  rhoHe(g/cc)=  0.669236  T(K)=       641.409  E(Ha/e)=  -1.430072  P(GPa)=       6.527024  [F](Ha/e)=    -1.436419  [S](Ha/kb/e)=   3.124537
rs= 2.000000  rhoHe(g/cc)=  0.669236  T(K)=       822.810  E(Ha/e)=  -1.429430  P(GPa)=       7.200891  [F](Ha/e)=    -1.438296  [S](Ha/kb/e)=   3.402377
rs= 2.000000  rhoHe(g/cc)=  0.669236  T(K)=      1055.515  E(Ha/e)=  -1.428573  P(GPa)=       8.002421  [F](Ha/e)=    -1.440914  [S](Ha/kb/e)=   3.692228
rs= 2.000000  rhoHe(g/cc)=  0.669236  T(K)=      1354.033  E(Ha/e)=  -1.427582  P(GPa)=       8.955450  [F](Ha/e)=    -1.444538  [S](Ha/kb/e)=   3.954511
rs= 2.000000  rhoHe(g/cc)=  0.669236  T(K)=      1736.977  E(Ha/e)=  -1.426444  P(GPa)=      10.103898  [F](Ha/e)=    -1.449478  [S](Ha/kb/e)=   4.187520
rs= 2.000000  rhoHe(g/cc)=  0.669236  T(K)=      2228.224  E(Ha/e)=  -1.424816  P(GPa)=      11.484647  [F](Ha/e)=    -1.456201  [S](Ha/kb/e)=   4.447730
rs= 2.000000  rhoHe(g/cc)=  0.669236  T(K)=      2858.404  E(Ha/e)=  -1.422645  P(GPa)=      13.131837  [F](Ha/e)=    -1.465359  [S](Ha/kb/e)=   4.718691
rs= 2.000000  rhoHe(g/cc)=  0.669236  T(K)=      3666.810  E(Ha/e)=  -1.420147  P(GPa)=      15.100168  [F](Ha/e)=    -1.477777  [S](Ha/kb/e)=   4.962872
rs= 2.000000  rhoHe(g/cc)=  0.669236  T(K)=      4703.847  E(Ha/e)=  -1.417420  P(GPa)=      17.495019  [F](Ha/e)=    -1.494422  [S](Ha/kb/e)=   5.169243
rs= 2.000000  rhoHe(g/cc)=  0.669236  T(K)=      6034.176  E(Ha/e)=  -1.413509  P(GPa)=      20.418544  [F](Ha/e)=    -1.516699  [S](Ha/kb/e)=   5.399996
rs= 2.000000  rhoHe(g/cc)=  0.669236  T(K)=      7740.746  E(Ha/e)=  -1.408228  P(GPa)=      23.971135  [F](Ha/e)=    -1.546567  [S](Ha/kb/e)=   5.643369
rs= 2.000000  rhoHe(g/cc)=  0.669236  T(K)=      9929.962  E(Ha/e)=  -1.401972  P(GPa)=      28.301597  [F](Ha/e)=    -1.586529  [S](Ha/kb/e)=   5.868947
rs= 2.000000  rhoHe(g/cc)=  0.669236  T(K)=     12738.327  E(Ha/e)=  -1.395014  P(GPa)=      33.670102  [F](Ha/e)=    -1.639609  [S](Ha/kb/e)=   6.063359
rs= 2.000000  rhoHe(g/cc)=  0.669236  T(K)=     16340.946  E(Ha/e)=  -1.384377  P(GPa)=      40.390340  [F](Ha/e)=    -1.710119  [S](Ha/kb/e)=   6.294697
rs= 2.000000  rhoHe(g/cc)=  0.669236  T(K)=     20962.448  E(Ha/e)=  -1.368239  P(GPa)=      48.857037  [F](Ha/e)=    -1.804280  [S](Ha/kb/e)=   6.568439
rs= 2.000000  rhoHe(g/cc)=  0.669236  T(K)=     26890.990  E(Ha/e)=  -1.344569  P(GPa)=      59.716232  [F](Ha/e)=    -1.930607  [S](Ha/kb/e)=   6.881714
rs= 2.000000  rhoHe(g/cc)=  0.669236  T(K)=     34496.227  E(Ha/e)=  -1.310504  P(GPa)=      74.127271  [F](Ha/e)=    -2.100646  [S](Ha/kb/e)=   7.232867
rs= 2.000000  rhoHe(g/cc)=  0.669236  T(K)=     44252.355  E(Ha/e)=  -1.259407  P(GPa)=      93.706632  [F](Ha/e)=    -2.330564  [S](Ha/kb/e)=   7.643532
rs= 2.000000  rhoHe(g/cc)=  0.669236  T(K)=     56767.686  E(Ha/e)=  -1.185276  P(GPa)=     120.639392  [F](Ha/e)=    -2.642948  [S](Ha/kb/e)=   8.108418
rs= 2.000000  rhoHe(g/cc)=  0.669236  T(K)=     72822.568  E(Ha/e)=  -1.084300  P(GPa)=     158.203910  [F](Ha/e)=    -3.068259  [S](Ha/kb/e)=   8.602880
rs= 2.000000  rhoHe(g/cc)=  0.669236  T(K)=     93418.048  E(Ha/e)=  -0.953680  P(GPa)=     211.378087  [F](Ha/e)=    -3.646041  [S](Ha/kb/e)=   9.100804
rs= 2.000000  rhoHe(g/cc)=  0.669236  T(K)=    119838.286  E(Ha/e)=  -0.762584  P(GPa)=     287.229724  [F](Ha/e)=    -4.431690  [S](Ha/kb/e)=   9.668117
rs= 2.000000  rhoHe(g/cc)=  0.669236  T(K)=    153730.623  E(Ha/e)=  -0.491057  P(GPa)=     395.259757  [F](Ha/e)=    -5.504130  [S](Ha/kb/e)=  10.297241
rs= 2.000000  rhoHe(g/cc)=  0.669236  T(K)=    197208.299  E(Ha/e)=  -0.134887  P(GPa)=     547.579226  [F](Ha/e)=    -6.968392  [S](Ha/kb/e)=  10.941972
rs= 2.000000  rhoHe(g/cc)=  0.669236  T(K)=    252982.213  E(Ha/e)=   0.291134  P(GPa)=     757.631290  [F](Ha/e)=    -8.956282  [S](Ha/kb/e)=  11.542708
rs= 2.000000  rhoHe(g/cc)=  0.669236  T(K)=    324529.953  E(Ha/e)=   0.893692  P(GPa)=    1042.970011  [F](Ha/e)=   -11.648214  [S](Ha/kb/e)=  12.203546
rs= 2.000000  rhoHe(g/cc)=  0.669236  T(K)=    416312.629  E(Ha/e)=   1.726436  P(GPa)=    1428.736418  [F](Ha/e)=   -15.302572  [S](Ha/kb/e)=  12.916565
rs= 2.000000  rhoHe(g/cc)=  0.669236  T(K)=    534053.032  E(Ha/e)=   2.761507  P(GPa)=    1943.095226  [F](Ha/e)=   -20.255605  [S](Ha/kb/e)=  13.609548
rs= 2.000000  rhoHe(g/cc)=  0.669236  T(K)=    685092.454  E(Ha/e)=   3.851853  P(GPa)=    2608.461129  [F](Ha/e)=   -26.910578  [S](Ha/kb/e)=  14.179102
rs= 2.000000  rhoHe(g/cc)=  0.669236  T(K)=    878848.435  E(Ha/e)=   5.332020  P(GPa)=    3448.217786  [F](Ha/e)=   -35.798893  [S](Ha/kb/e)=  14.778544
rs= 2.000000  rhoHe(g/cc)=  0.669236  T(K)=   1127401.953  E(Ha/e)=   7.378021  P(GPa)=    4506.290454  [F](Ha/e)=   -47.695019  [S](Ha/kb/e)=  15.425439
rs= 2.000000  rhoHe(g/cc)=  0.669236  T(K)=   1446250.700  E(Ha/e)=   9.922100  P(GPa)=    5843.124811  [F](Ha/e)=   -63.607163  [S](Ha/kb/e)=  16.054394
rs= 2.000000  rhoHe(g/cc)=  0.669236  T(K)=   1855275.380  E(Ha/e)=  12.543978  P(GPa)=    7547.303663  [F](Ha/e)=   -84.756624  [S](Ha/kb/e)=  16.560919
rs= 2.000000  rhoHe(g/cc)=  0.669236  T(K)=   2379979.305  E(Ha/e)=  16.047505  P(GPa)=    9738.713104  [F](Ha/e)=  -112.718688  [S](Ha/kb/e)=  17.084645
rs= 2.000000  rhoHe(g/cc)=  0.669236  T(K)=   3053078.564  E(Ha/e)=  21.022005  P(GPa)=   12558.141031  [F](Ha/e)=  -149.772805  [S](Ha/kb/e)=  17.665013
rs= 2.000000  rhoHe(g/cc)=  0.669236  T(K)=   3916541.921  E(Ha/e)=  27.538373  P(GPa)=   16182.915428  [F](Ha/e)=  -198.927166  [S](Ha/kb/e)=  18.258985
rs= 2.000000  rhoHe(g/cc)=  0.669236  T(K)=   5024207.629  E(Ha/e)=  34.958886  P(GPa)=   20834.219652  [F](Ha/e)=  -263.964650  [S](Ha/kb/e)=  18.787535
rs= 2.000000  rhoHe(g/cc)=  0.669236  T(K)=   6445140.334  E(Ha/e)=  44.956409  P(GPa)=   26790.622075  [F](Ha/e)=  -349.773204  [S](Ha/kb/e)=  19.339472
rs= 2.000000  rhoHe(g/cc)=  0.669236  T(K)=   8267937.353  E(Ha/e)=  59.030994  P(GPa)=   34416.117641  [F](Ha/e)=  -463.214945  [S](Ha/kb/e)=  19.945970
rs= 2.000000  rhoHe(g/cc)=  0.669236  T(K)=  10606252.855  E(Ha/e)=  77.173352  P(GPa)=   44179.768836  [F](Ha/e)=  -613.293004  [S](Ha/kb/e)=  20.556909
rs= 2.000000  rhoHe(g/cc)=  0.669236  T(K)=  13605884.374  E(Ha/e)=  96.848475  P(GPa)=   56689.090386  [F](Ha/e)=  -811.238231  [S](Ha/kb/e)=  21.075497
rs= 2.000000  rhoHe(g/cc)=  0.669236  T(K)=  17453863.500  E(Ha/e)= 122.265960  P(GPa)=   72729.378663  [F](Ha/e)= -1071.278760  [S](Ha/kb/e)=  21.593567
rs= 2.000000  rhoHe(g/cc)=  0.669236  T(K)=  22390117.593  E(Ha/e)= 158.483251  P(GPa)=   93299.619653  [F](Ha/e)= -1413.466348  [S](Ha/kb/e)=  22.169685
rs= 2.000000  rhoHe(g/cc)=  0.669236  T(K)=  28722429.612  E(Ha/e)= 206.239778  P(GPa)=  119681.030070  [F](Ha/e)= -1864.264703  [S](Ha/kb/e)=  22.763146
rs= 2.000000  rhoHe(g/cc)=  0.669236  T(K)=  36845628.852  E(Ha/e)= 260.300725  P(GPa)=  153521.945176  [F](Ha/e)= -2457.133438  [S](Ha/kb/e)=  23.288973
rs= 2.000000  rhoHe(g/cc)=  0.669236  T(K)=  47266209.157  E(Ha/e)= 329.862637  P(GPa)=  196938.169143  [F](Ha/e)= -3234.469830  [S](Ha/kb/e)=  23.812485
rs= 2.000000  rhoHe(g/cc)=  0.669236  T(K)=  60633909.574  E(Ha/e)= 429.603948  P(GPa)=  252613.820203  [F](Ha/e)= -4255.263785  [S](Ha/kb/e)=  24.398270
rs= 2.000000  rhoHe(g/cc)=  0.669236  T(K)=  77782226.582  E(Ha/e)= 562.642313  P(GPa)=  323937.829661  [F](Ha/e)= -5597.514322  [S](Ha/kb/e)=  25.008559
rs= 2.000000  rhoHe(g/cc)=  0.669236  T(K)=  99780383.856  E(Ha/e)= 716.307451  P(GPa)=  415134.125418  [F](Ha/e)= -7360.409539  [S](Ha/kb/e)=  25.560360
rs= 2.000000  rhoHe(g/cc)=  0.669236  T(K)= 128000000.000  E(Ha/e)= 909.027905  P(GPa)=  531481.303452  [F](Ha/e)= -9669.072172  [S](Ha/kb/e)=  26.096062

rs= 1.600000  rhoHe(g/cc)=  1.307101  T(K)=       500.000  E(Ha/e)=  -1.423546  P(GPa)=      38.831058  [F](Ha/e)=    -1.426109  [S](Ha/kb/e)=   1.618523
rs= 1.600000  rhoHe(g/cc)=  1.307101  T(K)=       641.409  E(Ha/e)=  -1.422926  P(GPa)=      40.670835  [F](Ha/e)=    -1.426912  [S](Ha/kb/e)=   1.962256
rs= 1.600000  rhoHe(g/cc)=  1.307101  T(K)=       822.810  E(Ha/e)=  -1.422045  P(GPa)=      42.770693  [F](Ha/e)=    -1.428152  [S](Ha/kb/e)=   2.343829
rs= 1.600000  rhoHe(g/cc)=  1.307101  T(K)=      1055.515  E(Ha/e)=  -1.420886  P(GPa)=      45.123001  [F](Ha/e)=    -1.430030  [S](Ha/kb/e)=   2.735611
rs= 1.600000  rhoHe(g/cc)=  1.307101  T(K)=      1354.033  E(Ha/e)=  -1.419596  P(GPa)=      47.762022  [F](Ha/e)=    -1.432792  [S](Ha/kb/e)=   3.077407
rs= 1.600000  rhoHe(g/cc)=  1.307101  T(K)=      1736.977  E(Ha/e)=  -1.418186  P(GPa)=      50.842172  [F](Ha/e)=    -1.436703  [S](Ha/kb/e)=   3.366276
rs= 1.600000  rhoHe(g/cc)=  1.307101  T(K)=      2228.224  E(Ha/e)=  -1.416176  P(GPa)=      54.452554  [F](Ha/e)=    -1.442197  [S](Ha/kb/e)=   3.687626
rs= 1.600000  rhoHe(g/cc)=  1.307101  T(K)=      2858.404  E(Ha/e)=  -1.413512  P(GPa)=      58.633554  [F](Ha/e)=    -1.449903  [S](Ha/kb/e)=   4.020122
rs= 1.600000  rhoHe(g/cc)=  1.307101  T(K)=      3666.810  E(Ha/e)=  -1.410493  P(GPa)=      63.488901  [F](Ha/e)=    -1.460604  [S](Ha/kb/e)=   4.315440
rs= 1.600000  rhoHe(g/cc)=  1.307101  T(K)=      4703.847  E(Ha/e)=  -1.407274  P(GPa)=      69.302873  [F](Ha/e)=    -1.475187  [S](Ha/kb/e)=   4.559033
rs= 1.600000  rhoHe(g/cc)=  1.307101  T(K)=      6034.176  E(Ha/e)=  -1.402686  P(GPa)=      76.313218  [F](Ha/e)=    -1.494979  [S](Ha/kb/e)=   4.829777
rs= 1.600000  rhoHe(g/cc)=  1.307101  T(K)=      7740.746  E(Ha/e)=  -1.396551  P(GPa)=      84.693942  [F](Ha/e)=    -1.521878  [S](Ha/kb/e)=   5.112584
rs= 1.600000  rhoHe(g/cc)=  1.307101  T(K)=      9929.962  E(Ha/e)=  -1.389439  P(GPa)=      94.699639  [F](Ha/e)=    -1.558281  [S](Ha/kb/e)=   5.369220
rs= 1.600000  rhoHe(g/cc)=  1.307101  T(K)=     12738.327  E(Ha/e)=  -1.381844  P(GPa)=     106.807364  [F](Ha/e)=    -1.607002  [S](Ha/kb/e)=   5.581504
rs= 1.600000  rhoHe(g/cc)=  1.307101  T(K)=     16340.946  E(Ha/e)=  -1.370463  P(GPa)=     121.542541  [F](Ha/e)=    -1.672114  [S](Ha/kb/e)=   5.829140
rs= 1.600000  rhoHe(g/cc)=  1.307101  T(K)=     20962.448  E(Ha/e)=  -1.353664  P(GPa)=     139.524745  [F](Ha/e)=    -1.759557  [S](Ha/kb/e)=   6.114310
rs= 1.600000  rhoHe(g/cc)=  1.307101  T(K)=     26890.990  E(Ha/e)=  -1.330092  P(GPa)=     161.899143  [F](Ha/e)=    -1.877377  [S](Ha/kb/e)=   6.426646
rs= 1.600000  rhoHe(g/cc)=  1.307101  T(K)=     34496.227  E(Ha/e)=  -1.297922  P(GPa)=     191.038599  [F](Ha/e)=    -2.036233  [S](Ha/kb/e)=   6.758423
rs= 1.600000  rhoHe(g/cc)=  1.307101  T(K)=     44252.355  E(Ha/e)=  -1.250140  P(GPa)=     230.107180  [F](Ha/e)=    -2.251084  [S](Ha/kb/e)=   7.142503
rs= 1.600000  rhoHe(g/cc)=  1.307101  T(K)=     56767.686  E(Ha/e)=  -1.181553  P(GPa)=     283.016591  [F](Ha/e)=    -2.542926  [S](Ha/kb/e)=   7.572743
rs= 1.600000  rhoHe(g/cc)=  1.307101  T(K)=     72822.568  E(Ha/e)=  -1.089884  P(GPa)=     355.474322  [F](Ha/e)=    -2.939852  [S](Ha/kb/e)=   8.021868
rs= 1.600000  rhoHe(g/cc)=  1.307101  T(K)=     93418.048  E(Ha/e)=  -0.974533  P(GPa)=     455.919827  [F](Ha/e)=    -3.477826  [S](Ha/kb/e)=   8.461711
rs= 1.600000  rhoHe(g/cc)=  1.307101  T(K)=    119838.286  E(Ha/e)=  -0.805936  P(GPa)=     596.408003  [F](Ha/e)=    -4.207143  [S](Ha/kb/e)=   8.962204
rs= 1.600000  rhoHe(g/cc)=  1.307101  T(K)=    153730.623  E(Ha/e)=  -0.565519  P(GPa)=     793.670983  [F](Ha/e)=    -5.199810  [S](Ha/kb/e)=   9.519193
rs= 1.600000  rhoHe(g/cc)=  1.307101  T(K)=    197208.299  E(Ha/e)=  -0.248057  P(GPa)=    1070.305918  [F](Ha/e)=    -6.551826  [S](Ha/kb/e)=  10.093746
rs= 1.600000  rhoHe(g/cc)=  1.307101  T(K)=    252982.213  E(Ha/e)=   0.136460  P(GPa)=    1454.852852  [F](Ha/e)=    -8.384403  [S](Ha/kb/e)=  10.635817
rs= 1.600000  rhoHe(g/cc)=  1.307101  T(K)=    324529.953  E(Ha/e)=   0.685717  P(GPa)=    1985.576568  [F](Ha/e)=   -10.863941  [S](Ha/kb/e)=  11.238067
rs= 1.600000  rhoHe(g/cc)=  1.307101  T(K)=    416312.629  E(Ha/e)=   1.455875  P(GPa)=    2713.985380  [F](Ha/e)=   -14.229268  [S](Ha/kb/e)=  11.897239
rs= 1.600000  rhoHe(g/cc)=  1.307101  T(K)=    534053.032  E(Ha/e)=   2.440998  P(GPa)=    3697.673331  [F](Ha/e)=   -18.794668  [S](Ha/kb/e)=  12.556216
rs= 1.600000  rhoHe(g/cc)=  1.307101  T(K)=    685092.454  E(Ha/e)=   3.543463  P(GPa)=    4981.226414  [F](Ha/e)=   -24.945925  [S](Ha/kb/e)=  13.131405
rs= 1.600000  rhoHe(g/cc)=  1.307101  T(K)=    878848.435  E(Ha/e)=   5.060242  P(GPa)=    6610.790037  [F](Ha/e)=   -33.196113  [S](Ha/kb/e)=  13.745701
rs= 1.600000  rhoHe(g/cc)=  1.307101  T(K)=   1127401.953  E(Ha/e)=   7.150788  P(GPa)=    8676.055470  [F](Ha/e)=   -44.285190  [S](Ha/kb/e)=  14.406733
rs= 1.600000  rhoHe(g/cc)=  1.307101  T(K)=   1446250.700  E(Ha/e)=   9.735019  P(GPa)=   11298.031564  [F](Ha/e)=   -59.174545  [S](Ha/kb/e)=  15.045728
rs= 1.600000  rhoHe(g/cc)=  1.307101  T(K)=   1855275.380  E(Ha/e)=  12.360901  P(GPa)=   14645.560284  [F](Ha/e)=   -79.019062  [S](Ha/kb/e)=  15.553204
rs= 1.600000  rhoHe(g/cc)=  1.307101  T(K)=   2379979.305  E(Ha/e)=  15.854368  P(GPa)=   18942.656648  [F](Ha/e)=  -105.305333  [S](Ha/kb/e)=  16.075419
rs= 1.600000  rhoHe(g/cc)=  1.307101  T(K)=   3053078.564  E(Ha/e)=  20.819457  P(GPa)=   24459.655950  [F](Ha/e)=  -140.206852  [S](Ha/kb/e)=  16.654674
rs= 1.600000  rhoHe(g/cc)=  1.307101  T(K)=   3916541.921  E(Ha/e)=  27.335416  P(GPa)=   31538.447005  [F](Ha/e)=  -186.598070  [S](Ha/kb/e)=  17.248577
rs= 1.600000  rhoHe(g/cc)=  1.307101  T(K)=   5024207.629  E(Ha/e)=  34.784302  P(GPa)=   40608.976918  [F](Ha/e)=  -248.094235  [S](Ha/kb/e)=  17.779097
rs= 1.600000  rhoHe(g/cc)=  1.307101  T(K)=   6445140.334  E(Ha/e)=  44.830022  P(GPa)=   52216.069758  [F](Ha/e)=  -329.371272  [S](Ha/kb/e)=  18.333703
rs= 1.600000  rhoHe(g/cc)=  1.307101  T(K)=   8267937.353  E(Ha/e)=  58.958251  P(GPa)=   67068.577340  [F](Ha/e)=  -437.014563  [S](Ha/kb/e)=  18.942529
rs= 1.600000  rhoHe(g/cc)=  1.307101  T(K)=  10606252.855  E(Ha/e)=  77.134699  P(GPa)=   86085.987517  [F](Ha/e)=  -579.667758  [S](Ha/kb/e)=  19.554651
rs= 1.600000  rhoHe(g/cc)=  1.307101  T(K)=  13605884.374  E(Ha/e)=  96.757411  P(GPa)=  110477.149103  [F](Ha/e)=  -768.088118  [S](Ha/kb/e)=  20.071926
rs= 1.600000  rhoHe(g/cc)=  1.307101  T(K)=  17453863.500  E(Ha/e)= 122.065492  P(GPa)=  141820.014654  [F](Ha/e)= -1015.884760  [S](Ha/kb/e)=  20.587754
rs= 1.600000  rhoHe(g/cc)=  1.307101  T(K)=  22390117.593  E(Ha/e)= 158.182581  P(GPa)=  182093.088581  [F](Ha/e)= -1342.334785  [S](Ha/kb/e)=  21.162254
rs= 1.600000  rhoHe(g/cc)=  1.307101  T(K)=  28722429.612  E(Ha/e)= 205.942751  P(GPa)=  233792.545102  [F](Ha/e)= -1772.926950  [S](Ha/kb/e)=  21.755712
rs= 1.600000  rhoHe(g/cc)=  1.307101  T(K)=  36845628.852  E(Ha/e)= 260.355357  P(GPa)=  300021.846510  [F](Ha/e)= -2339.915233  [S](Ha/kb/e)=  22.284857
rs= 1.600000  rhoHe(g/cc)=  1.307101  T(K)=  47266209.157  E(Ha/e)= 330.533744  P(GPa)=  384665.301549  [F](Ha/e)= -3084.198027  [S](Ha/kb/e)=  22.813037
rs= 1.600000  rhoHe(g/cc)=  1.307101  T(K)=  60633909.574  E(Ha/e)= 430.808803  P(GPa)=  492923.998064  [F](Ha/e)= -4062.760920  [S](Ha/kb/e)=  23.402012
rs= 1.600000  rhoHe(g/cc)=  1.307101  T(K)=  77782226.582  E(Ha/e)= 563.710670  P(GPa)=  631802.665050  [F](Ha/e)= -5350.918499  [S](Ha/kb/e)=  24.011784
rs= 1.600000  rhoHe(g/cc)=  1.307101  T(K)=  99780383.856  E(Ha/e)= 715.028165  P(GPa)=  811091.169721  [F](Ha/e)= -7044.136804  [S](Ha/kb/e)=  24.555404
rs= 1.600000  rhoHe(g/cc)=  1.307101  T(K)= 128000000.000  E(Ha/e)= 903.323644  P(GPa)= 1044343.064231  [F](Ha/e)= -9262.405628  [S](Ha/kb/e)=  25.078748

rs= 1.200000  rhoHe(g/cc)=  3.098314  T(K)=       500.000  E(Ha/e)=  -1.381974  P(GPa)=     385.097674  [F](Ha/e)=    -1.381408  [S](Ha/kb/e)=  -0.357509
rs= 1.200000  rhoHe(g/cc)=  3.098314  T(K)=       641.409  E(Ha/e)=  -1.381127  P(GPa)=     386.590644  [F](Ha/e)=    -1.381355  [S](Ha/kb/e)=   0.112239
rs= 1.200000  rhoHe(g/cc)=  3.098314  T(K)=       822.810  E(Ha/e)=  -1.379923  P(GPa)=     389.169004  [F](Ha/e)=    -1.381573  [S](Ha/kb/e)=   0.633267
rs= 1.200000  rhoHe(g/cc)=  3.098314  T(K)=      1055.515  E(Ha/e)=  -1.378344  P(GPa)=     393.276900  [F](Ha/e)=    -1.382246  [S](Ha/kb/e)=   1.167413
rs= 1.200000  rhoHe(g/cc)=  3.098314  T(K)=      1354.033  E(Ha/e)=  -1.376592  P(GPa)=     399.249388  [F](Ha/e)=    -1.383589  [S](Ha/kb/e)=   1.631720
rs= 1.200000  rhoHe(g/cc)=  3.098314  T(K)=      1736.977  E(Ha/e)=  -1.374690  P(GPa)=     407.017692  [F](Ha/e)=    -1.385809  [S](Ha/kb/e)=   2.021461
rs= 1.200000  rhoHe(g/cc)=  3.098314  T(K)=      2228.224  E(Ha/e)=  -1.371993  P(GPa)=     416.758491  [F](Ha/e)=    -1.389299  [S](Ha/kb/e)=   2.452609
rs= 1.200000  rhoHe(g/cc)=  3.098314  T(K)=      2858.404  E(Ha/e)=  -1.368457  P(GPa)=     428.861036  [F](Ha/e)=    -1.394655  [S](Ha/kb/e)=   2.894168
rs= 1.200000  rhoHe(g/cc)=  3.098314  T(K)=      3666.810  E(Ha/e)=  -1.364545  P(GPa)=     443.689955  [F](Ha/e)=    -1.402599  [S](Ha/kb/e)=   3.277078
rs= 1.200000  rhoHe(g/cc)=  3.098314  T(K)=      4703.847  E(Ha/e)=  -1.360533  P(GPa)=     461.494902  [F](Ha/e)=    -1.413873  [S](Ha/kb/e)=   3.580749
rs= 1.200000  rhoHe(g/cc)=  3.098314  T(K)=      6034.176  E(Ha/e)=  -1.354813  P(GPa)=     482.483816  [F](Ha/e)=    -1.429688  [S](Ha/kb/e)=   3.918272
rs= 1.200000  rhoHe(g/cc)=  3.098314  T(K)=      7740.746  E(Ha/e)=  -1.347148  P(GPa)=     506.855168  [F](Ha/e)=    -1.451859  [S](Ha/kb/e)=   4.271563
rs= 1.200000  rhoHe(g/cc)=  3.098314  T(K)=      9929.962  E(Ha/e)=  -1.338222  P(GPa)=     534.959096  [F](Ha/e)=    -1.482675  [S](Ha/kb/e)=   4.593631
rs= 1.200000  rhoHe(g/cc)=  3.098314  T(K)=     12738.327  E(Ha/e)=  -1.328691  P(GPa)=     567.795088  [F](Ha/e)=    -1.524749  [S](Ha/kb/e)=   4.860148
rs= 1.200000  rhoHe(g/cc)=  3.098314  T(K)=     16340.946  E(Ha/e)=  -1.314847  P(GPa)=     606.260216  [F](Ha/e)=    -1.581954  [S](Ha/kb/e)=   5.161604
rs= 1.200000  rhoHe(g/cc)=  3.098314  T(K)=     20962.448  E(Ha/e)=  -1.295440  P(GPa)=     651.254339  [F](Ha/e)=    -1.659988  [S](Ha/kb/e)=   5.491497
rs= 1.200000  rhoHe(g/cc)=  3.098314  T(K)=     26890.990  E(Ha/e)=  -1.270623  P(GPa)=     705.322896  [F](Ha/e)=    -1.766348  [S](Ha/kb/e)=   5.821189
rs= 1.200000  rhoHe(g/cc)=  3.098314  T(K)=     34496.227  E(Ha/e)=  -1.240798  P(GPa)=     775.397994  [F](Ha/e)=    -1.910361  [S](Ha/kb/e)=   6.129104
rs= 1.200000  rhoHe(g/cc)=  3.098314  T(K)=     44252.355  E(Ha/e)=  -1.197054  P(GPa)=     870.264598  [F](Ha/e)=    -2.105262  [S](Ha/kb/e)=   6.480763
rs= 1.200000  rhoHe(g/cc)=  3.098314  T(K)=     56767.686  E(Ha/e)=  -1.134615  P(GPa)=     999.227262  [F](Ha/e)=    -2.370102  [S](Ha/kb/e)=   6.872491
rs= 1.200000  rhoHe(g/cc)=  3.098314  T(K)=     72822.568  E(Ha/e)=  -1.052020  P(GPa)=    1174.514484  [F](Ha/e)=    -2.730275  [S](Ha/kb/e)=   7.277281
rs= 1.200000  rhoHe(g/cc)=  3.098314  T(K)=     93418.048  E(Ha/e)=  -0.949795  P(GPa)=    1411.418767  [F](Ha/e)=    -3.218031  [S](Ha/kb/e)=   7.667164
rs= 1.200000  rhoHe(g/cc)=  3.098314  T(K)=    119838.286  E(Ha/e)=  -0.801322  P(GPa)=    1731.890545  [F](Ha/e)=    -3.878343  [S](Ha/kb/e)=   8.107968
rs= 1.200000  rhoHe(g/cc)=  3.098314  T(K)=    153730.623  E(Ha/e)=  -0.591246  P(GPa)=    2169.236442  [F](Ha/e)=    -4.775492  [S](Ha/kb/e)=   8.594767
rs= 1.200000  rhoHe(g/cc)=  3.098314  T(K)=    197208.299  E(Ha/e)=  -0.317850  P(GPa)=    2771.478183  [F](Ha/e)=    -5.994616  [S](Ha/kb/e)=   9.089774
rs= 1.200000  rhoHe(g/cc)=  3.098314  T(K)=    252982.213  E(Ha/e)=   0.005684  P(GPa)=    3607.566494  [F](Ha/e)=    -7.642057  [S](Ha/kb/e)=   9.545979
rs= 1.200000  rhoHe(g/cc)=  3.098314  T(K)=    324529.953  E(Ha/e)=   0.472466  P(GPa)=    4772.204778  [F](Ha/e)=    -9.863996  [S](Ha/kb/e)=  10.057600
rs= 1.200000  rhoHe(g/cc)=  3.098314  T(K)=    416312.629  E(Ha/e)=   1.143321  P(GPa)=    6387.145516  [F](Ha/e)=   -12.872962  [S](Ha/kb/e)=  10.631403
rs= 1.200000  rhoHe(g/cc)=  3.098314  T(K)=    534053.032  E(Ha/e)=   2.041913  P(GPa)=    8592.952313  [F](Ha/e)=   -16.953665  [S](Ha/kb/e)=  11.231697
rs= 1.200000  rhoHe(g/cc)=  3.098314  T(K)=    685092.454  E(Ha/e)=   3.139164  P(GPa)=   11510.458682  [F](Ha/e)=   -22.468676  [S](Ha/kb/e)=  11.803235
rs= 1.200000  rhoHe(g/cc)=  3.098314  T(K)=    878848.435  E(Ha/e)=   4.677486  P(GPa)=   15274.145428  [F](Ha/e)=   -29.906690  [S](Ha/kb/e)=  12.426268
rs= 1.200000  rhoHe(g/cc)=  3.098314  T(K)=   1127401.953  E(Ha/e)=   6.794690  P(GPa)=   20121.870473  [F](Ha/e)=   -39.960743  [S](Ha/kb/e)=  13.095756
rs= 1.200000  rhoHe(g/cc)=  3.098314  T(K)=   1446250.700  E(Ha/e)=   9.404231  P(GPa)=   26358.569710  [F](Ha/e)=   -53.529976  [S](Ha/kb/e)=  13.741067
rs= 1.200000  rhoHe(g/cc)=  3.098314  T(K)=   1855275.380  E(Ha/e)=  12.036951  P(GPa)=   34359.052390  [F](Ha/e)=   -71.686023  [S](Ha/kb/e)=  14.249957
rs= 1.200000  rhoHe(g/cc)=  3.098314  T(K)=   2379979.305  E(Ha/e)=  15.531386  P(GPa)=   44594.086547  [F](Ha/e)=   -95.806865  [S](Ha/kb/e)=  14.772313
rs= 1.200000  rhoHe(g/cc)=  3.098314  T(K)=   3053078.564  E(Ha/e)=  20.499717  P(GPa)=   57684.182187  [F](Ha/e)=  -127.931066  [S](Ha/kb/e)=  15.351940
rs= 1.200000  rhoHe(g/cc)=  3.098314  T(K)=   3916541.921  E(Ha/e)=  27.024490  P(GPa)=   74431.802835  [F](Ha/e)=  -170.761054  [S](Ha/kb/e)=  15.946635
rs= 1.200000  rhoHe(g/cc)=  3.098314  T(K)=   5024207.629  E(Ha/e)=  34.494490  P(GPa)=   95885.542858  [F](Ha/e)=  -227.692799  [S](Ha/kb/e)=  16.478639
rs= 1.200000  rhoHe(g/cc)=  3.098314  T(K)=   6445140.334  E(Ha/e)=  44.573059  P(GPa)=  123405.437211  [F](Ha/e)=  -303.122207  [S](Ha/kb/e)=  17.035060
rs= 1.200000  rhoHe(g/cc)=  3.098314  T(K)=   8267937.353  E(Ha/e)=  58.743699  P(GPa)=  158710.886580  [F](Ha/e)=  -403.274691  [S](Ha/kb/e)=  17.645719
rs= 1.200000  rhoHe(g/cc)=  3.098314  T(K)=  10606252.855  E(Ha/e)=  76.965355  P(GPa)=  204002.478079  [F](Ha/e)=  -536.331227  [S](Ha/kb/e)=  18.259372
rs= 1.200000  rhoHe(g/cc)=  3.098314  T(K)=  13605884.374  E(Ha/e)=  96.612817  P(GPa)=  262099.145997  [F](Ha/e)=  -712.451553  [S](Ha/kb/e)=  18.777319
rs= 1.200000  rhoHe(g/cc)=  3.098314  T(K)=  17453863.500  E(Ha/e)= 121.935852  P(GPa)=  336612.881138  [F](Ha/e)=  -944.474234  [S](Ha/kb/e)=  19.293452
rs= 1.200000  rhoHe(g/cc)=  3.098314  T(K)=  22390117.593  E(Ha/e)= 158.072536  P(GPa)=  432180.659083  [F](Ha/e)= -1250.694022  [S](Ha/kb/e)=  19.868265
rs= 1.200000  rhoHe(g/cc)=  3.098314  T(K)=  28722429.612  E(Ha/e)= 205.854366  P(GPa)=  554752.929786  [F](Ha/e)= -1655.340431  [S](Ha/kb/e)=  20.461993
rs= 1.200000  rhoHe(g/cc)=  3.098314  T(K)=  36845628.852  E(Ha/e)= 260.280237  P(GPa)=  711970.112599  [F](Ha/e)= -2189.050445  [S](Ha/kb/e)=  20.991271
rs= 1.200000  rhoHe(g/cc)=  3.098314  T(K)=  47266209.157  E(Ha/e)= 330.430583  P(GPa)=  913633.822152  [F](Ha/e)= -2890.642672  [S](Ha/kb/e)=  21.519249
rs= 1.200000  rhoHe(g/cc)=  3.098314  T(K)=  60633909.574  E(Ha/e)= 430.552101  P(GPa)= 1172260.228464  [F](Ha/e)= -3814.419357  [S](Ha/kb/e)=  22.107339
rs= 1.200000  rhoHe(g/cc)=  3.098314  T(K)=  77782226.582  E(Ha/e)= 562.974581  P(GPa)= 1503805.827509  [F](Ha/e)= -5032.215544  [S](Ha/kb/e)=  22.714948
rs= 1.200000  rhoHe(g/cc)=  3.098314  T(K)=  99780383.856  E(Ha/e)= 713.030774  P(GPa)= 1928521.405084  [F](Ha/e)= -6634.946408  [S](Ha/kb/e)=  23.254120
rs= 1.200000  rhoHe(g/cc)=  3.098314  T(K)= 128000000.000  E(Ha/e)= 899.506750  P(GPa)= 2472077.698034  [F](Ha/e)= -8736.675860  [S](Ha/kb/e)=  23.772362

rs= 0.800000  rhoHe(g/cc)= 10.456811  T(K)=       500.000  E(Ha/e)=  -1.093508  P(GPa)=    6052.444644  [F](Ha/e)=    -1.093259  [S](Ha/kb/e)=  -0.157314
rs= 0.800000  rhoHe(g/cc)= 10.456811  T(K)=       641.409  E(Ha/e)=  -1.093825  P(GPa)=    6066.970004  [F](Ha/e)=    -1.093146  [S](Ha/kb/e)=  -0.333942
rs= 0.800000  rhoHe(g/cc)= 10.456811  T(K)=       822.810  E(Ha/e)=  -1.094135  P(GPa)=    6085.385079  [F](Ha/e)=    -1.092911  [S](Ha/kb/e)=  -0.469878
rs= 0.800000  rhoHe(g/cc)= 10.456811  T(K)=      1055.515  E(Ha/e)=  -1.094200  P(GPa)=    6108.219078  [F](Ha/e)=    -1.092545  [S](Ha/kb/e)=  -0.495091
rs= 0.800000  rhoHe(g/cc)= 10.456811  T(K)=      1354.033  E(Ha/e)=  -1.093365  P(GPa)=    6135.304641  [F](Ha/e)=    -1.092156  [S](Ha/kb/e)=  -0.281961
rs= 0.800000  rhoHe(g/cc)= 10.456811  T(K)=      1736.977  E(Ha/e)=  -1.091135  P(GPa)=    6165.017880  [F](Ha/e)=    -1.092095  [S](Ha/kb/e)=   0.174612
rs= 0.800000  rhoHe(g/cc)= 10.456811  T(K)=      2228.224  E(Ha/e)=  -1.087951  P(GPa)=    6195.676082  [F](Ha/e)=    -1.092774  [S](Ha/kb/e)=   0.683608
rs= 0.800000  rhoHe(g/cc)= 10.456811  T(K)=      2858.404  E(Ha/e)=  -1.083752  P(GPa)=    6226.179109  [F](Ha/e)=    -1.094686  [S](Ha/kb/e)=   1.207918
rs= 0.800000  rhoHe(g/cc)= 10.456811  T(K)=      3666.810  E(Ha/e)=  -1.079040  P(GPa)=    6258.064463  [F](Ha/e)=    -1.098419  [S](Ha/kb/e)=   1.668824
rs= 0.800000  rhoHe(g/cc)= 10.456811  T(K)=      4703.847  E(Ha/e)=  -1.074083  P(GPa)=    6299.958555  [F](Ha/e)=    -1.104531  [S](Ha/kb/e)=   2.043961
rs= 0.800000  rhoHe(g/cc)= 10.456811  T(K)=      6034.176  E(Ha/e)=  -1.066931  P(GPa)=    6359.800085  [F](Ha/e)=    -1.114052  [S](Ha/kb/e)=   2.465898
rs= 0.800000  rhoHe(g/cc)= 10.456811  T(K)=      7740.746  E(Ha/e)=  -1.057150  P(GPa)=    6443.185617  [F](Ha/e)=    -1.128642  [S](Ha/kb/e)=   2.916445
rs= 0.800000  rhoHe(g/cc)= 10.456811  T(K)=      9929.962  E(Ha/e)=  -1.045253  P(GPa)=    6553.792235  [F](Ha/e)=    -1.150444  [S](Ha/kb/e)=   3.345122
rs= 0.800000  rhoHe(g/cc)= 10.456811  T(K)=     12738.327  E(Ha/e)=  -1.031745  P(GPa)=    6688.333068  [F](Ha/e)=    -1.181925  [S](Ha/kb/e)=   3.722863
rs= 0.800000  rhoHe(g/cc)= 10.456811  T(K)=     16340.946  E(Ha/e)=  -1.012718  P(GPa)=    6844.112712  [F](Ha/e)=    -1.226832  [S](Ha/kb/e)=   4.137576
rs= 0.800000  rhoHe(g/cc)= 10.456811  T(K)=     20962.448  E(Ha/e)=  -0.987618  P(GPa)=    7022.677299  [F](Ha/e)=    -1.290658  [S](Ha/kb/e)=   4.564952
rs= 0.800000  rhoHe(g/cc)= 10.456811  T(K)=     26890.990  E(Ha/e)=  -0.959425  P(GPa)=    7230.385559  [F](Ha/e)=    -1.380197  [S](Ha/kb/e)=   4.941025
rs= 0.800000  rhoHe(g/cc)= 10.456811  T(K)=     34496.227  E(Ha/e)=  -0.932616  P(GPa)=    7487.870569  [F](Ha/e)=    -1.502690  [S](Ha/kb/e)=   5.218393
rs= 0.800000  rhoHe(g/cc)= 10.456811  T(K)=     44252.355  E(Ha/e)=  -0.893748  P(GPa)=    7818.494851  [F](Ha/e)=    -1.668825  [S](Ha/kb/e)=   5.530775
rs= 0.800000  rhoHe(g/cc)= 10.456811  T(K)=     56767.686  E(Ha/e)=  -0.837411  P(GPa)=    8240.436253  [F](Ha/e)=    -1.895208  [S](Ha/kb/e)=   5.884080
rs= 0.800000  rhoHe(g/cc)= 10.456811  T(K)=     72822.568  E(Ha/e)=  -0.760796  P(GPa)=    8771.729725  [F](Ha/e)=    -2.204281  [S](Ha/kb/e)=   6.259266
rs= 0.800000  rhoHe(g/cc)= 10.456811  T(K)=     93418.048  E(Ha/e)=  -0.662383  P(GPa)=    9424.924906  [F](Ha/e)=    -2.625133  [S](Ha/kb/e)=   6.634548
rs= 0.800000  rhoHe(g/cc)= 10.456811  T(K)=    119838.286  E(Ha/e)=  -0.522194  P(GPa)=   10221.801803  [F](Ha/e)=    -3.198100  [S](Ha/kb/e)=   7.051030
rs= 0.800000  rhoHe(g/cc)= 10.456811  T(K)=    153730.623  E(Ha/e)=  -0.332126  P(GPa)=   11220.745687  [F](Ha/e)=    -3.979494  [S](Ha/kb/e)=   7.491978
rs= 0.800000  rhoHe(g/cc)= 10.456811  T(K)=    197208.299  E(Ha/e)=  -0.105120  P(GPa)=   12558.325188  [F](Ha/e)=    -5.041382  [S](Ha/kb/e)=   7.904060
rs= 0.800000  rhoHe(g/cc)= 10.456811  T(K)=    252982.213  E(Ha/e)=   0.121827  P(GPa)=   14554.982278  [F](Ha/e)=    -6.467516  [S](Ha/kb/e)=   8.224877
rs= 0.800000  rhoHe(g/cc)= 10.456811  T(K)=    324529.953  E(Ha/e)=   0.449536  P(GPa)=   17675.837915  [F](Ha/e)=    -8.372218  [S](Ha/kb/e)=   8.583758
rs= 0.800000  rhoHe(g/cc)= 10.456811  T(K)=    416312.629  E(Ha/e)=   0.946323  P(GPa)=   22420.090985  [F](Ha/e)=   -10.929812  [S](Ha/kb/e)=   9.008092
rs= 0.800000  rhoHe(g/cc)= 10.456811  T(K)=    534053.032  E(Ha/e)=   1.674130  P(GPa)=   29326.093611  [F](Ha/e)=   -14.381084  [S](Ha/kb/e)=   9.493121
rs= 0.800000  rhoHe(g/cc)= 10.456811  T(K)=    685092.454  E(Ha/e)=   2.698039  P(GPa)=   38717.356182  [F](Ha/e)=   -19.052208  [S](Ha/kb/e)=  10.025182
rs= 0.800000  rhoHe(g/cc)= 10.456811  T(K)=    878848.435  E(Ha/e)=   4.177345  P(GPa)=   50887.565734  [F](Ha/e)=   -25.391607  [S](Ha/kb/e)=  10.624273
rs= 0.800000  rhoHe(g/cc)= 10.456811  T(K)=   1127401.953  E(Ha/e)=   6.222538  P(GPa)=   66635.300839  [F](Ha/e)=   -34.017695  [S](Ha/kb/e)=  11.270910
rs= 0.800000  rhoHe(g/cc)= 10.456811  T(K)=   1446250.700  E(Ha/e)=   8.766571  P(GPa)=   87027.271150  [F](Ha/e)=   -45.734826  [S](Ha/kb/e)=  11.899846
rs= 0.800000  rhoHe(g/cc)= 10.456811  T(K)=   1855275.380  E(Ha/e)=  11.390911  P(GPa)=  113431.852852  [F](Ha/e)=   -61.503129  [S](Ha/kb/e)=  12.406832
rs= 0.800000  rhoHe(g/cc)= 10.456811  T(K)=   2379979.305  E(Ha/e)=  14.901320  P(GPa)=  147608.210493  [F](Ha/e)=   -82.563386  [S](Ha/kb/e)=  12.931576
rs= 0.800000  rhoHe(g/cc)= 10.456811  T(K)=   3053078.564  E(Ha/e)=  19.892191  P(GPa)=  191824.099547  [F](Ha/e)=  -110.766799  [S](Ha/kb/e)=  13.513834
rs= 0.800000  rhoHe(g/cc)= 10.456811  T(K)=   3916541.921  E(Ha/e)=  26.446151  P(GPa)=  248901.238697  [F](Ha/e)=  -148.574437  [S](Ha/kb/e)=  14.111190
rs= 0.800000  rhoHe(g/cc)= 10.456811  T(K)=   5024207.629  E(Ha/e)=  33.948328  P(GPa)=  322166.092154  [F](Ha/e)=  -199.072197  [S](Ha/kb/e)=  14.645489
rs= 0.800000  rhoHe(g/cc)= 10.456811  T(K)=   6445140.334  E(Ha/e)=  44.064455  P(GPa)=  415652.159389  [F](Ha/e)=  -266.257685  [S](Ha/kb/e)=  15.203993
rs= 0.800000  rhoHe(g/cc)= 10.456811  T(K)=   8267937.353  E(Ha/e)=  58.273120  P(GPa)=  534871.021254  [F](Ha/e)=  -355.845732  [S](Ha/kb/e)=  15.816308
rs= 0.800000  rhoHe(g/cc)= 10.456811  T(K)=  10606252.855  E(Ha/e)=  76.507145  P(GPa)=  687058.704776  [F](Ha/e)=  -475.358287  [S](Ha/kb/e)=  16.430413
rs= 0.800000  rhoHe(g/cc)= 10.456811  T(K)=  13605884.374  E(Ha/e)=  96.074591  P(GPa)=  881927.231624  [F](Ha/e)=  -634.097077  [S](Ha/kb/e)=  16.946323
rs= 0.800000  rhoHe(g/cc)= 10.456811  T(K)=  17453863.500  E(Ha/e)= 121.250450  P(GPa)= 1132367.245504  [F](Ha/e)=  -843.788199  [S](Ha/kb/e)=  17.459444
rs= 0.800000  rhoHe(g/cc)= 10.456811  T(K)=  22390117.593  E(Ha/e)= 157.234983  P(GPa)= 1454357.023591  [F](Ha/e)= -1121.317207  [S](Ha/kb/e)=  18.031812
rs= 0.800000  rhoHe(g/cc)= 10.456811  T(K)=  28722429.612  E(Ha/e)= 204.956518  P(GPa)= 1868145.158190  [F](Ha/e)= -1489.124341  [S](Ha/kb/e)=  18.624741
rs= 0.800000  rhoHe(g/cc)= 10.456811  T(K)=  36845628.852  E(Ha/e)= 259.674675  P(GPa)= 2399214.430479  [F](Ha/e)= -1975.598519  [S](Ha/kb/e)=  19.156754
rs= 0.800000  rhoHe(g/cc)= 10.456811  T(K)=  47266209.157  E(Ha/e)= 330.464572  P(GPa)= 3079717.476822  [F](Ha/e)= -2616.733361  [S](Ha/kb/e)=  19.689551
rs= 0.800000  rhoHe(g/cc)= 10.456811  T(K)=  60633909.574  E(Ha/e)= 431.432230  P(GPa)= 3951882.713757  [F](Ha/e)= -3463.163555  [S](Ha/kb/e)=  20.282622
rs= 0.800000  rhoHe(g/cc)= 10.456811  T(K)=  77782226.582  E(Ha/e)= 564.811592  P(GPa)= 5071000.761780  [F](Ha/e)= -4581.997299  [S](Ha/kb/e)=  20.894643
rs= 0.800000  rhoHe(g/cc)= 10.456811  T(K)=  99780383.856  E(Ha/e)= 715.528920  P(GPa)= 6510475.331458  [F](Ha/e)= -6058.023284  [S](Ha/kb/e)=  21.436239
rs= 0.800000  rhoHe(g/cc)= 10.456811  T(K)= 128000000.000  E(Ha/e)= 902.363130  P(GPa)= 8367649.190793  [F](Ha/e)= -7997.343159  [S](Ha/kb/e)=  21.955482
